Removed Pin From Net: NetName=GND Pin=J2-1
Removed Pin From Net: NetName=5V Pin=J2-2
Removed Pin From Net: NetName=GND Pin=J3-1
Removed Pin From Net: NetName=3V3 Pin=J3-2
Removed Member From Class: ClassName=3Wheel_MotorDrivers_Encoders Member=J2
Removed Member From Class: ClassName=3Wheel_MotorDrivers_Encoders Member=J3
Added Component: Designator=P11(HDR1X2)
Add component. Clean all parameters for all variants
Add component (AddParameter): Name = "LatestRevisionDate"; Value = "17-Jul-2002"; VariantName = "[No Variations]"
Add component (AddParameter): Name = "LatestRevisionNote"; Value = "Re-released for DXP Platform."; VariantName = "[No Variations]"
Add component (AddParameter): Name = "Publisher"; Value = "Altium Limited"; VariantName = "[No Variations]"
Added Component: Designator=P12(HDR1X2)
Add component. Clean all parameters for all variants
Add component (AddParameter): Name = "LatestRevisionDate"; Value = "17-Jul-2002"; VariantName = "[No Variations]"
Add component (AddParameter): Name = "LatestRevisionNote"; Value = "Re-released for DXP Platform."; VariantName = "[No Variations]"
Add component (AddParameter): Name = "Publisher"; Value = "Altium Limited"; VariantName = "[No Variations]"
Added Pin To Net: NetName=GND Pin=P11-1
Added Pin To Net: NetName=5V Pin=P11-2
Added Pin To Net: NetName=GND Pin=P12-1
Added Pin To Net: NetName=3V3 Pin=P12-2
Added Member To Class: ClassName=3Wheel_MotorDrivers_Encoders Member=Component P11 Header 2
Added Member To Class: ClassName=3Wheel_MotorDrivers_Encoders Member=Component P12 Header 2
