Removed Pin From Net: NetName=GND Pin=C1-1
Removed Pin From Net: NetName=Vbatt Pin=C1-2
Removed Pin From Net: NetName=GND Pin=C2-1
Removed Pin From Net: NetName=GND Pin=C5-1
Removed Pin From Net: NetName=GND Pin=C6-2
Removed Pin From Net: NetName=GND Pin=C7-2
Removed Pin From Net: NetName=GND Pin=C8-2
Removed Pin From Net: NetName=GND Pin=C9-2
Removed Pin From Net: NetName=GND Pin=J4-1
Removed Pin From Net: NetName=GND Pin=J5-1
Removed Pin From Net: NetName=GND Pin=J6-1
Removed Pin From Net: NetName=Vbatt Pin=Q1-3
Removed Pin From Net: NetName=GND Pin=Q2-1
Removed Pin From Net: NetName=GND Pin=Q2-1
Removed Pin From Net: NetName=GND Pin=Q2-1
Removed Pin From Net: NetName=GND Pin=R3-2
Removed Pin From Net: NetName=GND Pin=R4-2
Removed Pin From Net: NetName=GND Pin=U1-4
Removed Pin From Net: NetName=GND Pin=U1-5
Removed Pin From Net: NetName=GND Pin=U1-18
Removed Pin From Net: NetName=Vbatt Pin=U1-19
Removed Pin From Net: NetName=GND Pin=U1-EPAD
Removed Member From Class: ClassName=Connectors Member=J4
Removed Member From Class: ClassName=Connectors Member=J5
Removed Member From Class: ClassName=Connectors Member=J6
Added Room: Name=3V3_5V_BuckConverter
Added Room: Name=Connectors
