Removed Pin From Net: NetName=GND Pin=J3-1
Removed Pin From Net: NetName=Vbatt Pin=J3-2
Removed Pin From Net: NetName=GND Pin=J8-1
Removed Pin From Net: NetName=5V Pin=J8-2
Removed Pin From Net: NetName=GND Pin=J9-1
Removed Pin From Net: NetName=5V Pin=J9-2
Removed Pin From Net: NetName=GND Pin=J11-1
Removed Pin From Net: NetName=3V3 Pin=J11-2
Removed Pin From Net: NetName=GND Pin=J12-1
Removed Pin From Net: NetName=3V3 Pin=J12-2
Removed Member From Class: ClassName=Connectors Member=J3
Removed Member From Class: ClassName=Connectors Member=J8
Removed Member From Class: ClassName=Connectors Member=J9
Removed Member From Class: ClassName=Connectors Member=J11
Removed Member From Class: ClassName=Connectors Member=J12
Added Component: Designator=P1(HDR1X2)
Add component (AddParameter): Name = "LatestRevisionDate"; Value = "17-Jul-2002"; VariantName = "[No Variations]"
Add component (AddParameter): Name = "LatestRevisionNote"; Value = "Re-released for DXP Platform."; VariantName = "[No Variations]"
Add component (AddParameter): Name = "Publisher"; Value = "Altium Limited"; VariantName = "[No Variations]"
Added Component: Designator=P2(HDR1X2)
Add component (AddParameter): Name = "LatestRevisionDate"; Value = "17-Jul-2002"; VariantName = "[No Variations]"
Add component (AddParameter): Name = "LatestRevisionNote"; Value = "Re-released for DXP Platform."; VariantName = "[No Variations]"
Add component (AddParameter): Name = "Publisher"; Value = "Altium Limited"; VariantName = "[No Variations]"
Added Component: Designator=P3(HDR1X2)
Add component (AddParameter): Name = "LatestRevisionDate"; Value = "17-Jul-2002"; VariantName = "[No Variations]"
Add component (AddParameter): Name = "LatestRevisionNote"; Value = "Re-released for DXP Platform."; VariantName = "[No Variations]"
Add component (AddParameter): Name = "Publisher"; Value = "Altium Limited"; VariantName = "[No Variations]"
Added Component: Designator=P4(HDR1X2)
Add component (AddParameter): Name = "LatestRevisionDate"; Value = "17-Jul-2002"; VariantName = "[No Variations]"
Add component (AddParameter): Name = "LatestRevisionNote"; Value = "Re-released for DXP Platform."; VariantName = "[No Variations]"
Add component (AddParameter): Name = "Publisher"; Value = "Altium Limited"; VariantName = "[No Variations]"
Added Component: Designator=P5(HDR1X2)
Add component (AddParameter): Name = "LatestRevisionDate"; Value = "17-Jul-2002"; VariantName = "[No Variations]"
Add component (AddParameter): Name = "LatestRevisionNote"; Value = "Re-released for DXP Platform."; VariantName = "[No Variations]"
Add component (AddParameter): Name = "Publisher"; Value = "Altium Limited"; VariantName = "[No Variations]"
Added Pin To Net: NetName=GND Pin=P1-1
Added Pin To Net: NetName=Vbatt Pin=P1-2
Added Pin To Net: NetName=GND Pin=P2-1
Added Pin To Net: NetName=5V Pin=P2-2
Added Pin To Net: NetName=GND Pin=P3-1
Added Pin To Net: NetName=5V Pin=P3-2
Added Pin To Net: NetName=GND Pin=P4-1
Added Pin To Net: NetName=3V3 Pin=P4-2
Added Pin To Net: NetName=GND Pin=P5-1
Added Pin To Net: NetName=3V3 Pin=P5-2
Added Member To Class: ClassName=Connectors Member=Component P1 Header 2
Added Member To Class: ClassName=Connectors Member=Component P2 Header 2
Added Member To Class: ClassName=Connectors Member=Component P3 Header 2
Added Member To Class: ClassName=Connectors Member=Component P4 Header 2
Added Member To Class: ClassName=Connectors Member=Component P5 Header 2
