Removed Pin From Net: NetName=SCL Pin=P11-1
Removed Pin From Net: NetName=SDA Pin=P11-2
Removed Pin From Net: NetName=3V3CHA1 Pin=P11-3
Removed Pin From Net: NetName=3V3CHB1 Pin=P11-4
Removed Pin From Net: NetName=3V3CHA2 Pin=P11-5
Removed Pin From Net: NetName=3V3CHB2 Pin=P11-6
Removed Pin From Net: NetName=3V3CHA3 Pin=P11-7
Removed Pin From Net: NetName=3V3CHB3 Pin=P11-8
Removed Pin From Net: NetName=3V3CHA4 Pin=P11-9
Removed Pin From Net: NetName=3V3CHB4 Pin=P11-10
Removed Pin From Net: NetName=12V Pin=P11-11
Removed Pin From Net: NetName=5V Pin=P11-12
Removed Pin From Net: NetName=3V3 Pin=P11-13
Removed Pin From Net: NetName=GND Pin=P11-14
Added Pin To Net: NetName=3V3CHA1 Pin=P11-1
Added Pin To Net: NetName=3V3CHB1 Pin=P11-2
Added Pin To Net: NetName=3V3CHA2 Pin=P11-3
Added Pin To Net: NetName=3V3CHB2 Pin=P11-4
Added Pin To Net: NetName=SCL Pin=P11-5
Added Pin To Net: NetName=SDA Pin=P11-6
Added Pin To Net: NetName=12V Pin=P11-7
Added Pin To Net: NetName=5V Pin=P11-8
Added Pin To Net: NetName=3V3 Pin=P11-9
Added Pin To Net: NetName=GND Pin=P11-10
Added Pin To Net: NetName=3V3CHA3 Pin=P11-11
Added Pin To Net: NetName=3V3CHB3 Pin=P11-12
Added Pin To Net: NetName=3V3CHA4 Pin=P11-13
Added Pin To Net: NetName=3V3CHB4 Pin=P11-14
