Removed Pin From Net: NetName=A0 Pin=P1-1
Removed Pin From Net: NetName=A1 Pin=P2-1
Removed Pin From Net: NetName=3V3 Pin=P2-2
Removed Pin From Net: NetName=A2 Pin=P3-1
Removed Pin From Net: NetName=3V3 Pin=P3-2
Removed Pin From Net: NetName=3V3 Pin=P4-1
Removed Pin From Net: NetName=A3 Pin=P4-2
Removed Pin From Net: NetName=3V3 Pin=P5-1
Removed Pin From Net: NetName=A4 Pin=P5-2
Removed Pin From Net: NetName=3V3 Pin=P6-1
Removed Pin From Net: NetName=A5 Pin=P6-2
Removed Pin From Net: NetName=GND Pin=R2-1
Removed Pin From Net: NetName=A0 Pin=R2-2
Removed Pin From Net: NetName=A1 Pin=R3-2
Removed Pin From Net: NetName=GND Pin=R4-1
Removed Pin From Net: NetName=A2 Pin=R4-2
Removed Pin From Net: NetName=GND Pin=R5-1
Removed Pin From Net: NetName=A5 Pin=R5-2
Removed Pin From Net: NetName=GND Pin=R6-1
Removed Pin From Net: NetName=A4 Pin=R6-2
Removed Pin From Net: NetName=GND Pin=R7-1
Removed Pin From Net: NetName=A3 Pin=R7-2
Removed Member From Class: ClassName=4Wheel_MotorDrivers_Encoders Member=P2
Removed Member From Class: ClassName=4Wheel_MotorDrivers_Encoders Member=P3
Removed Member From Class: ClassName=4Wheel_MotorDrivers_Encoders Member=P4
Removed Member From Class: ClassName=4Wheel_MotorDrivers_Encoders Member=P5
Removed Member From Class: ClassName=4Wheel_MotorDrivers_Encoders Member=P6
Removed Member From Class: ClassName=4Wheel_MotorDrivers_Encoders Member=R4
Removed Member From Class: ClassName=4Wheel_MotorDrivers_Encoders Member=R5
Removed Member From Class: ClassName=4Wheel_MotorDrivers_Encoders Member=R6
Removed Member From Class: ClassName=4Wheel_MotorDrivers_Encoders Member=R7
Change Component Footprint: Designator=R2 Old Footprint=1608[0603] New Footprint=CAY16-J4
Change Component Footprint: Designator=R3 Old Footprint=1608[0603] New Footprint=CAY16-J4
Change Component Footprint: Designator=P1 Old Footprint=MHDR1X2 New Footprint=MHDR2X6
Change Component Comment : Designator=R2 Old Comment=10K New Comment=CAY16-103J4LF
Change Component Comment : Designator=R3 Old Comment=10K New Comment=CAY16-103J4LF
Change Component Comment : Designator=P1 Old Comment=Bridge New Comment=MHDR2X6
Change component parameters: Designator = "P1" ("P1"); Footprint = "MHDR1X2"; UniqueID = "\MOZDAFEH" ("\MOZDAFEH")
Change component parameters (AddParameter): Name = "LatestRevisionDate"; Value = "17-Jul-2002"; VariantName = "[No Variations]"
Change component parameters (AddParameter): Name = "LatestRevisionNote"; Value = "Re-released for DXP Platform."; VariantName = "[No Variations]"
Change component parameters (AddParameter): Name = "Publisher"; Value = "Altium Limited"; VariantName = "[No Variations]"
Change component parameters (AddParameter): Name = "Supplier 1"; Value = "Digi-Key"; VariantName = "[No Variations]"
Change component parameters (AddParameter): Name = "Supplier Part Number 1"; Value = "609-3713-ND"; VariantName = "[No Variations]"
Change component parameters: Designator = "R2" ("R2"); Footprint = "1608[0603]"; UniqueID = "\ZGCYOPRY" ("\ZGCYOPRY")
Change component parameters (AddParameter): Name = "Availability"; Value = "Unavailable"; VariantName = "[No Variations]"
Change component parameters (AddParameter): Name = "MF"; Value = "Bourns"; VariantName = "[No Variations]"
Change component parameters (AddParameter): Name = "MP"; Value = "CAY16-103J4LF"; VariantName = "[No Variations]"
Change component parameters (AddParameter): Name = "Package"; Value = "1206 Bourns"; VariantName = "[No Variations]"
Change component parameters (AddParameter): Name = "Price"; Value = "None"; VariantName = "[No Variations]"
Change component parameters (AddParameter): Name = "SnapEDA_Link"; Value = "https://www.snapeda.com/parts/CAY16-103J4LF/Bourns%20-%20J.W.%20Miller/view-part/47136/?ref=snap"; VariantName = "[No Variations]"
Change component parameters (AddParameter): Name = "Supplier 1"; Value = "Digi-Key"; VariantName = "[No Variations]"
Change component parameters (AddParameter): Name = "Supplier Part Number 1"; Value = "CAY16-103J4LFCT-ND"; VariantName = "[No Variations]"
Change component parameters (AddParameter): Name = "Value"; Value = ""; VariantName = "[No Variations]"
Change component parameters: Designator = "R3" ("R3"); Footprint = "1608[0603]"; UniqueID = "\STCPICLB" ("\STCPICLB")
Change component parameters (AddParameter): Name = "Availability"; Value = "Unavailable"; VariantName = "[No Variations]"
Change component parameters (AddParameter): Name = "MF"; Value = "Bourns"; VariantName = "[No Variations]"
Change component parameters (AddParameter): Name = "MP"; Value = "CAY16-103J4LF"; VariantName = "[No Variations]"
Change component parameters (AddParameter): Name = "Package"; Value = "1206 Bourns"; VariantName = "[No Variations]"
Change component parameters (AddParameter): Name = "Price"; Value = "None"; VariantName = "[No Variations]"
Change component parameters (AddParameter): Name = "SnapEDA_Link"; Value = "https://www.snapeda.com/parts/CAY16-103J4LF/Bourns%20-%20J.W.%20Miller/view-part/47136/?ref=snap"; VariantName = "[No Variations]"
Change component parameters (AddParameter): Name = "Value"; Value = ""; VariantName = "[No Variations]"
Added Pin To Net: NetName=A4 Pin=P1-1
Added Pin To Net: NetName=A3 Pin=P1-3
Added Pin To Net: NetName=3V3 Pin=P1-4
Added Pin To Net: NetName=A2 Pin=P1-5
Added Pin To Net: NetName=3V3 Pin=P1-6
Added Pin To Net: NetName=A1 Pin=P1-7
Added Pin To Net: NetName=3V3 Pin=P1-8
Added Pin To Net: NetName=A0 Pin=P1-9
Added Pin To Net: NetName=3V3 Pin=P1-10
Added Pin To Net: NetName=A5 Pin=P1-11
Added Pin To Net: NetName=3V3 Pin=P1-12
Added Pin To Net: NetName=GND Pin=R2-2
Added Pin To Net: NetName=GND Pin=R2-3
Added Pin To Net: NetName=GND Pin=R2-4
Added Pin To Net: NetName=A2 Pin=R2-5
Added Pin To Net: NetName=A3 Pin=R2-6
Added Pin To Net: NetName=A4 Pin=R2-7
Added Pin To Net: NetName=GND Pin=R3-2
Added Pin To Net: NetName=GND Pin=R3-3
Added Pin To Net: NetName=A5 Pin=R3-6
Added Pin To Net: NetName=A0 Pin=R3-7
Added Pin To Net: NetName=A1 Pin=R3-8
